-------- Plugin Loading Log ------------

Loading from root path: /Applications/Adobe SpeedGrade CC 2014/Adobe SpeedGrade CC 2014.app/Contents/Plug-ins/Common/
Clearing the plugin cache from the registry

Scanning for the following file types: *.bundle, *.plugin, *.prmp, *.vst

Scanning /Applications/Adobe SpeedGrade CC 2014/Adobe SpeedGrade CC 2014.app/Contents/Plug-ins/Common/ and sub-directories

Loading /Applications/Adobe SpeedGrade CC 2014/Adobe SpeedGrade CC 2014.app/Contents/Plug-ins/Common/AEAutoColor.bundle
Loading from disk...
This plugin was recognized by loader 9ee18075-33c9-482a-b1a3-f2ab007a5a07.

Loading /Applications/Adobe SpeedGrade CC 2014/Adobe SpeedGrade CC 2014.app/Contents/Plug-ins/Common/AEAutoContrast.bundle
Loading from disk...
This plugin was recognized by loader 9ee18075-33c9-482a-b1a3-f2ab007a5a07.

Loading /Applications/Adobe SpeedGrade CC 2014/Adobe SpeedGrade CC 2014.app/Contents/Plug-ins/Common/AEAutoLevels.bundle
Loading from disk...
This plugin was recognized by loader 9ee18075-33c9-482a-b1a3-f2ab007a5a07.

Loading /Applications/Adobe SpeedGrade CC 2014/Adobe SpeedGrade CC 2014.app/Contents/Plug-ins/Common/AEFilterAlphaAdjust.bundle
Loading from disk...
This plugin was recognized by loader 9ee18075-33c9-482a-b1a3-f2ab007a5a07.

Loading /Applications/Adobe SpeedGrade CC 2014/Adobe SpeedGrade CC 2014.app/Contents/Plug-ins/Common/AEFilterClipName.bundle
Loading from disk...
This plugin was recognized by loader 9ee18075-33c9-482a-b1a3-f2ab007a5a07.

Loading /Applications/Adobe SpeedGrade CC 2014/Adobe SpeedGrade CC 2014.app/Contents/Plug-ins/Common/AEFilterColorFast.bundle
Loading from disk...
This plugin was recognized by loader 9ee18075-33c9-482a-b1a3-f2ab007a5a07.

Loading /Applications/Adobe SpeedGrade CC 2014/Adobe SpeedGrade CC 2014.app/Contents/Plug-ins/Common/AEFilterColorRGBCorrector.bundle
Loading from disk...
This plugin was recognized by loader 9ee18075-33c9-482a-b1a3-f2ab007a5a07.

Loading /Applications/Adobe SpeedGrade CC 2014/Adobe SpeedGrade CC 2014.app/Contents/Plug-ins/Common/AEFilterColorThreeWay.bundle
Loading from disk...
This plugin was recognized by loader 9ee18075-33c9-482a-b1a3-f2ab007a5a07.

Loading /Applications/Adobe SpeedGrade CC 2014/Adobe SpeedGrade CC 2014.app/Contents/Plug-ins/Common/AEFilterCrop.bundle
Loading from disk...
This plugin was recognized by loader 9ee18075-33c9-482a-b1a3-f2ab007a5a07.

Loading /Applications/Adobe SpeedGrade CC 2014/Adobe SpeedGrade CC 2014.app/Contents/Plug-ins/Common/AEFilterCrossDissolve.bundle
Loading from disk...
This plugin was recognized by loader 9ee18075-33c9-482a-b1a3-f2ab007a5a07.

Loading /Applications/Adobe SpeedGrade CC 2014/Adobe SpeedGrade CC 2014.app/Contents/Plug-ins/Common/AEFilterGarbageMatte.bundle
Loading from disk...
This plugin was recognized by loader 9ee18075-33c9-482a-b1a3-f2ab007a5a07.

Loading /Applications/Adobe SpeedGrade CC 2014/Adobe SpeedGrade CC 2014.app/Contents/Plug-ins/Common/AEFilterGarbageMatte16.bundle
Loading from disk...
This plugin was recognized by loader 9ee18075-33c9-482a-b1a3-f2ab007a5a07.

Loading /Applications/Adobe SpeedGrade CC 2014/Adobe SpeedGrade CC 2014.app/Contents/Plug-ins/Common/AEFilterGarbageMatte8.bundle
Loading from disk...
This plugin was recognized by loader 9ee18075-33c9-482a-b1a3-f2ab007a5a07.

Loading /Applications/Adobe SpeedGrade CC 2014/Adobe SpeedGrade CC 2014.app/Contents/Plug-ins/Common/AEFilterGaussianBlur.bundle
Loading from disk...
This plugin was recognized by loader 9ee18075-33c9-482a-b1a3-f2ab007a5a07.

Loading /Applications/Adobe SpeedGrade CC 2014/Adobe SpeedGrade CC 2014.app/Contents/Plug-ins/Common/AEFilterImageMatteKey.bundle
Loading from disk...
This plugin was recognized by loader 9ee18075-33c9-482a-b1a3-f2ab007a5a07.

Loading /Applications/Adobe SpeedGrade CC 2014/Adobe SpeedGrade CC 2014.app/Contents/Plug-ins/Common/AEFilterLightingEffect.bundle
Loading from disk...
This plugin was recognized by loader 9ee18075-33c9-482a-b1a3-f2ab007a5a07.

Loading /Applications/Adobe SpeedGrade CC 2014/Adobe SpeedGrade CC 2014.app/Contents/Plug-ins/Common/AEFilterLumaCorrector.bundle
Loading from disk...
This plugin was recognized by loader 9ee18075-33c9-482a-b1a3-f2ab007a5a07.

Loading /Applications/Adobe SpeedGrade CC 2014/Adobe SpeedGrade CC 2014.app/Contents/Plug-ins/Common/AEFilterLumaCurve.bundle
Loading from disk...
This plugin was recognized by loader 9ee18075-33c9-482a-b1a3-f2ab007a5a07.

Loading /Applications/Adobe SpeedGrade CC 2014/Adobe SpeedGrade CC 2014.app/Contents/Plug-ins/Common/AEFilterLumaKey.bundle
Loading from disk...
This plugin was recognized by loader 9ee18075-33c9-482a-b1a3-f2ab007a5a07.

Loading /Applications/Adobe SpeedGrade CC 2014/Adobe SpeedGrade CC 2014.app/Contents/Plug-ins/Common/AEFilterLumetri.bundle
Loading from disk...
This plugin was recognized by loader 624e610b-0372-4082-b625-73865c15932b.
This plugin was recognized by loader 9ee18075-33c9-482a-b1a3-f2ab007a5a07.

Loading /Applications/Adobe SpeedGrade CC 2014/Adobe SpeedGrade CC 2014.app/Contents/Plug-ins/Common/AEFilterMask.bundle
Loading from disk...
This plugin was recognized by loader 624e610b-0372-4082-b625-73865c15932b.
This plugin was recognized by loader 9ee18075-33c9-482a-b1a3-f2ab007a5a07.

Loading /Applications/Adobe SpeedGrade CC 2014/Adobe SpeedGrade CC 2014.app/Contents/Plug-ins/Common/AEFilterNonRedKey.bundle
Loading from disk...
This plugin was recognized by loader 9ee18075-33c9-482a-b1a3-f2ab007a5a07.

Loading /Applications/Adobe SpeedGrade CC 2014/Adobe SpeedGrade CC 2014.app/Contents/Plug-ins/Common/AEFilterProcAmp.bundle
Loading from disk...
This plugin was recognized by loader 9ee18075-33c9-482a-b1a3-f2ab007a5a07.

Loading /Applications/Adobe SpeedGrade CC 2014/Adobe SpeedGrade CC 2014.app/Contents/Plug-ins/Common/AEFilterRemoveMatte.bundle
Loading from disk...
This plugin was recognized by loader 9ee18075-33c9-482a-b1a3-f2ab007a5a07.

Loading /Applications/Adobe SpeedGrade CC 2014/Adobe SpeedGrade CC 2014.app/Contents/Plug-ins/Common/AEFilterRGBCurves.bundle
Loading from disk...
This plugin was recognized by loader 9ee18075-33c9-482a-b1a3-f2ab007a5a07.

Loading /Applications/Adobe SpeedGrade CC 2014/Adobe SpeedGrade CC 2014.app/Contents/Plug-ins/Common/AEFilterTimecode.bundle
Loading from disk...
This plugin was recognized by loader 9ee18075-33c9-482a-b1a3-f2ab007a5a07.

Loading /Applications/Adobe SpeedGrade CC 2014/Adobe SpeedGrade CC 2014.app/Contents/Plug-ins/Common/AEFilterTrackMatteKey.bundle
Loading from disk...
This plugin was recognized by loader 9ee18075-33c9-482a-b1a3-f2ab007a5a07.

Loading /Applications/Adobe SpeedGrade CC 2014/Adobe SpeedGrade CC 2014.app/Contents/Plug-ins/Common/AEFilterUltraKey.bundle
Loading from disk...
This plugin was recognized by loader 9ee18075-33c9-482a-b1a3-f2ab007a5a07.

Loading /Applications/Adobe SpeedGrade CC 2014/Adobe SpeedGrade CC 2014.app/Contents/Plug-ins/Common/AEFilterVideoLimiter.bundle
Loading from disk...
This plugin was recognized by loader 9ee18075-33c9-482a-b1a3-f2ab007a5a07.

Loading /Applications/Adobe SpeedGrade CC 2014/Adobe SpeedGrade CC 2014.app/Contents/Plug-ins/Common/AEShadowHighlight.bundle
Loading from disk...
This plugin was recognized by loader 9ee18075-33c9-482a-b1a3-f2ab007a5a07.

Loading /Applications/Adobe SpeedGrade CC 2014/Adobe SpeedGrade CC 2014.app/Contents/Plug-ins/Common/Arithmetic.bundle
Loading from disk...
This plugin was recognized by loader 9ee18075-33c9-482a-b1a3-f2ab007a5a07.

Loading /Applications/Adobe SpeedGrade CC 2014/Adobe SpeedGrade CC 2014.app/Contents/Plug-ins/Common/B-C-2.bundle
Loading from disk...
This plugin was recognized by loader 9ee18075-33c9-482a-b1a3-f2ab007a5a07.

Loading /Applications/Adobe SpeedGrade CC 2014/Adobe SpeedGrade CC 2014.app/Contents/Plug-ins/Common/Basic_3D.bundle
Loading from disk...
This plugin was recognized by loader 9ee18075-33c9-482a-b1a3-f2ab007a5a07.

Loading /Applications/Adobe SpeedGrade CC 2014/Adobe SpeedGrade CC 2014.app/Contents/Plug-ins/Common/Bevel_Alpha.bundle
Loading from disk...
This plugin was recognized by loader 9ee18075-33c9-482a-b1a3-f2ab007a5a07.

Loading /Applications/Adobe SpeedGrade CC 2014/Adobe SpeedGrade CC 2014.app/Contents/Plug-ins/Common/Bevel_Edges.bundle
Loading from disk...
This plugin was recognized by loader 9ee18075-33c9-482a-b1a3-f2ab007a5a07.

Loading /Applications/Adobe SpeedGrade CC 2014/Adobe SpeedGrade CC 2014.app/Contents/Plug-ins/Common/Blend.bundle
Loading from disk...
This plugin was recognized by loader 9ee18075-33c9-482a-b1a3-f2ab007a5a07.

Loading /Applications/Adobe SpeedGrade CC 2014/Adobe SpeedGrade CC 2014.app/Contents/Plug-ins/Common/Block_Dissolve.bundle
Loading from disk...
This plugin was recognized by loader 9ee18075-33c9-482a-b1a3-f2ab007a5a07.

Loading /Applications/Adobe SpeedGrade CC 2014/Adobe SpeedGrade CC 2014.app/Contents/Plug-ins/Common/Broadcast_Colors.bundle
Loading from disk...
This plugin was recognized by loader 9ee18075-33c9-482a-b1a3-f2ab007a5a07.

Loading /Applications/Adobe SpeedGrade CC 2014/Adobe SpeedGrade CC 2014.app/Contents/Plug-ins/Common/Brush_Strokes.bundle
Loading from disk...
This plugin was recognized by loader 9ee18075-33c9-482a-b1a3-f2ab007a5a07.

Loading /Applications/Adobe SpeedGrade CC 2014/Adobe SpeedGrade CC 2014.app/Contents/Plug-ins/Common/Calculations.bundle
Loading from disk...
This plugin was recognized by loader 9ee18075-33c9-482a-b1a3-f2ab007a5a07.

Loading /Applications/Adobe SpeedGrade CC 2014/Adobe SpeedGrade CC 2014.app/Contents/Plug-ins/Common/CellPattern.bundle
Loading from disk...
This plugin was recognized by loader 9ee18075-33c9-482a-b1a3-f2ab007a5a07.

Loading /Applications/Adobe SpeedGrade CC 2014/Adobe SpeedGrade CC 2014.app/Contents/Plug-ins/Common/Change_Color.bundle
Loading from disk...
This plugin was recognized by loader 9ee18075-33c9-482a-b1a3-f2ab007a5a07.

Loading /Applications/Adobe SpeedGrade CC 2014/Adobe SpeedGrade CC 2014.app/Contents/Plug-ins/Common/ChangeToColor.bundle
Loading from disk...
This plugin was recognized by loader 9ee18075-33c9-482a-b1a3-f2ab007a5a07.

Loading /Applications/Adobe SpeedGrade CC 2014/Adobe SpeedGrade CC 2014.app/Contents/Plug-ins/Common/Channel_Blur.bundle
Loading from disk...
This plugin was recognized by loader 9ee18075-33c9-482a-b1a3-f2ab007a5a07.

Loading /Applications/Adobe SpeedGrade CC 2014/Adobe SpeedGrade CC 2014.app/Contents/Plug-ins/Common/Channel_Mixer.bundle
Loading from disk...
This plugin was recognized by loader 9ee18075-33c9-482a-b1a3-f2ab007a5a07.

Loading /Applications/Adobe SpeedGrade CC 2014/Adobe SpeedGrade CC 2014.app/Contents/Plug-ins/Common/Checkerboard.bundle
Loading from disk...
This plugin was recognized by loader 9ee18075-33c9-482a-b1a3-f2ab007a5a07.

Loading /Applications/Adobe SpeedGrade CC 2014/Adobe SpeedGrade CC 2014.app/Contents/Plug-ins/Common/CineonEffect.bundle
Loading from disk...
This plugin was recognized by loader 9ee18075-33c9-482a-b1a3-f2ab007a5a07.

Loading /Applications/Adobe SpeedGrade CC 2014/Adobe SpeedGrade CC 2014.app/Contents/Plug-ins/Common/Circle.bundle
Loading from disk...
This plugin was recognized by loader 9ee18075-33c9-482a-b1a3-f2ab007a5a07.

Loading /Applications/Adobe SpeedGrade CC 2014/Adobe SpeedGrade CC 2014.app/Contents/Plug-ins/Common/Color_Balance_2.bundle
Loading from disk...
This plugin was recognized by loader 9ee18075-33c9-482a-b1a3-f2ab007a5a07.

Loading /Applications/Adobe SpeedGrade CC 2014/Adobe SpeedGrade CC 2014.app/Contents/Plug-ins/Common/Color_Emboss.bundle
Loading from disk...
This plugin was recognized by loader 9ee18075-33c9-482a-b1a3-f2ab007a5a07.

Loading /Applications/Adobe SpeedGrade CC 2014/Adobe SpeedGrade CC 2014.app/Contents/Plug-ins/Common/Color_HLS.bundle
Loading from disk...
This plugin was recognized by loader 9ee18075-33c9-482a-b1a3-f2ab007a5a07.

Loading /Applications/Adobe SpeedGrade CC 2014/Adobe SpeedGrade CC 2014.app/Contents/Plug-ins/Common/Color_Key.bundle
Loading from disk...
This plugin was recognized by loader 9ee18075-33c9-482a-b1a3-f2ab007a5a07.

Loading /Applications/Adobe SpeedGrade CC 2014/Adobe SpeedGrade CC 2014.app/Contents/Plug-ins/Common/ColorsQuad.bundle
Loading from disk...
This plugin was recognized by loader 9ee18075-33c9-482a-b1a3-f2ab007a5a07.

Loading /Applications/Adobe SpeedGrade CC 2014/Adobe SpeedGrade CC 2014.app/Contents/Plug-ins/Common/Compound_Arith.bundle
Loading from disk...
This plugin was recognized by loader 9ee18075-33c9-482a-b1a3-f2ab007a5a07.

Loading /Applications/Adobe SpeedGrade CC 2014/Adobe SpeedGrade CC 2014.app/Contents/Plug-ins/Common/Compound_Blur.bundle
Loading from disk...
This plugin was recognized by loader 9ee18075-33c9-482a-b1a3-f2ab007a5a07.

Loading /Applications/Adobe SpeedGrade CC 2014/Adobe SpeedGrade CC 2014.app/Contents/Plug-ins/Common/Corner_Pin.bundle
Loading from disk...
This plugin was recognized by loader 9ee18075-33c9-482a-b1a3-f2ab007a5a07.

Loading /Applications/Adobe SpeedGrade CC 2014/Adobe SpeedGrade CC 2014.app/Contents/Plug-ins/Common/Difference.bundle
Loading from disk...
This plugin was recognized by loader 9ee18075-33c9-482a-b1a3-f2ab007a5a07.

Loading /Applications/Adobe SpeedGrade CC 2014/Adobe SpeedGrade CC 2014.app/Contents/Plug-ins/Common/DirectionalBlur.bundle
Loading from disk...
This plugin was recognized by loader 9ee18075-33c9-482a-b1a3-f2ab007a5a07.

Loading /Applications/Adobe SpeedGrade CC 2014/Adobe SpeedGrade CC 2014.app/Contents/Plug-ins/Common/Drop_Shadow.bundle
Loading from disk...
This plugin was recognized by loader 9ee18075-33c9-482a-b1a3-f2ab007a5a07.

Loading /Applications/Adobe SpeedGrade CC 2014/Adobe SpeedGrade CC 2014.app/Contents/Plug-ins/Common/Dust.bundle
Loading from disk...
This plugin was recognized by loader 9ee18075-33c9-482a-b1a3-f2ab007a5a07.

Loading /Applications/Adobe SpeedGrade CC 2014/Adobe SpeedGrade CC 2014.app/Contents/Plug-ins/Common/Echo.bundle
Loading from disk...
This plugin was recognized by loader 9ee18075-33c9-482a-b1a3-f2ab007a5a07.

Loading /Applications/Adobe SpeedGrade CC 2014/Adobe SpeedGrade CC 2014.app/Contents/Plug-ins/Common/Ellipse.bundle
Loading from disk...
This plugin was recognized by loader 9ee18075-33c9-482a-b1a3-f2ab007a5a07.

Loading /Applications/Adobe SpeedGrade CC 2014/Adobe SpeedGrade CC 2014.app/Contents/Plug-ins/Common/Emboss.bundle
Loading from disk...
This plugin was recognized by loader 9ee18075-33c9-482a-b1a3-f2ab007a5a07.

Loading /Applications/Adobe SpeedGrade CC 2014/Adobe SpeedGrade CC 2014.app/Contents/Plug-ins/Common/Equalize.bundle
Loading from disk...
This plugin was recognized by loader 9ee18075-33c9-482a-b1a3-f2ab007a5a07.

Loading /Applications/Adobe SpeedGrade CC 2014/Adobe SpeedGrade CC 2014.app/Contents/Plug-ins/Common/EyedropperFill.bundle
Loading from disk...
This plugin was recognized by loader 9ee18075-33c9-482a-b1a3-f2ab007a5a07.

Loading /Applications/Adobe SpeedGrade CC 2014/Adobe SpeedGrade CC 2014.app/Contents/Plug-ins/Common/Fast_Blur.bundle
Loading from disk...
This plugin was recognized by loader 9ee18075-33c9-482a-b1a3-f2ab007a5a07.

Loading /Applications/Adobe SpeedGrade CC 2014/Adobe SpeedGrade CC 2014.app/Contents/Plug-ins/Common/Find_Edges.bundle
Loading from disk...
This plugin was recognized by loader 9ee18075-33c9-482a-b1a3-f2ab007a5a07.

Loading /Applications/Adobe SpeedGrade CC 2014/Adobe SpeedGrade CC 2014.app/Contents/Plug-ins/Common/Gradient_Wipe.bundle
Loading from disk...
This plugin was recognized by loader 9ee18075-33c9-482a-b1a3-f2ab007a5a07.

Loading /Applications/Adobe SpeedGrade CC 2014/Adobe SpeedGrade CC 2014.app/Contents/Plug-ins/Common/Grid.bundle
Loading from disk...
This plugin was recognized by loader 9ee18075-33c9-482a-b1a3-f2ab007a5a07.

Loading /Applications/Adobe SpeedGrade CC 2014/Adobe SpeedGrade CC 2014.app/Contents/Plug-ins/Common/ImporterAIEPS.bundle
Loading from disk...
This plugin was recognized by loader ba1058cd-0007-44e4-bf1a-0ef51307b979.

Loading /Applications/Adobe SpeedGrade CC 2014/Adobe SpeedGrade CC 2014.app/Contents/Plug-ins/Common/ImporterAiff.bundle
Loading from disk...
This plugin was recognized by loader ba1058cd-0007-44e4-bf1a-0ef51307b979.

Loading /Applications/Adobe SpeedGrade CC 2014/Adobe SpeedGrade CC 2014.app/Contents/Plug-ins/Common/ImporterARRIRAW.bundle
Loading from disk...
This plugin was recognized by loader ba1058cd-0007-44e4-bf1a-0ef51307b979.

Loading /Applications/Adobe SpeedGrade CC 2014/Adobe SpeedGrade CC 2014.app/Contents/Plug-ins/Common/ImporterASND.bundle
Loading from disk...
This plugin was recognized by loader ba1058cd-0007-44e4-bf1a-0ef51307b979.

Loading /Applications/Adobe SpeedGrade CC 2014/Adobe SpeedGrade CC 2014.app/Contents/Plug-ins/Common/ImporterBarsAndTone.bundle
Loading from disk...
This plugin was recognized by loader ba1058cd-0007-44e4-bf1a-0ef51307b979.

Loading /Applications/Adobe SpeedGrade CC 2014/Adobe SpeedGrade CC 2014.app/Contents/Plug-ins/Common/ImporterBlackMatte.bundle
Loading from disk...
This plugin was recognized by loader ba1058cd-0007-44e4-bf1a-0ef51307b979.

Loading /Applications/Adobe SpeedGrade CC 2014/Adobe SpeedGrade CC 2014.app/Contents/Plug-ins/Common/ImporterCaptioning.bundle
Loading from disk...
This plugin was recognized by loader ba1058cd-0007-44e4-bf1a-0ef51307b979.

Loading /Applications/Adobe SpeedGrade CC 2014/Adobe SpeedGrade CC 2014.app/Contents/Plug-ins/Common/ImporterColorMatte.bundle
Loading from disk...
This plugin was recognized by loader ba1058cd-0007-44e4-bf1a-0ef51307b979.

Loading /Applications/Adobe SpeedGrade CC 2014/Adobe SpeedGrade CC 2014.app/Contents/Plug-ins/Common/ImporterDPX.bundle
Loading from disk...
This plugin was recognized by loader ba1058cd-0007-44e4-bf1a-0ef51307b979.

Loading /Applications/Adobe SpeedGrade CC 2014/Adobe SpeedGrade CC 2014.app/Contents/Plug-ins/Common/ImporterF65.bundle
Loading from disk...
This plugin was recognized by loader ba1058cd-0007-44e4-bf1a-0ef51307b979.

Loading /Applications/Adobe SpeedGrade CC 2014/Adobe SpeedGrade CC 2014.app/Contents/Plug-ins/Common/ImporterFastMPEG.bundle
Loading from disk...
This plugin was recognized by loader ba1058cd-0007-44e4-bf1a-0ef51307b979.

Loading /Applications/Adobe SpeedGrade CC 2014/Adobe SpeedGrade CC 2014.app/Contents/Plug-ins/Common/ImporterHDBarsAndTone.bundle
Loading from disk...
This plugin was recognized by loader ba1058cd-0007-44e4-bf1a-0ef51307b979.

Loading /Applications/Adobe SpeedGrade CC 2014/Adobe SpeedGrade CC 2014.app/Contents/Plug-ins/Common/ImporterJPEG.bundle
Loading from disk...
This plugin was recognized by loader ba1058cd-0007-44e4-bf1a-0ef51307b979.

Loading /Applications/Adobe SpeedGrade CC 2014/Adobe SpeedGrade CC 2014.app/Contents/Plug-ins/Common/ImporterLeader.bundle
Loading from disk...
This plugin was recognized by loader ba1058cd-0007-44e4-bf1a-0ef51307b979.

Loading /Applications/Adobe SpeedGrade CC 2014/Adobe SpeedGrade CC 2014.app/Contents/Plug-ins/Common/ImporterLumetri.bundle
Loading from disk...
This plugin was recognized by loader ba1058cd-0007-44e4-bf1a-0ef51307b979.

Loading /Applications/Adobe SpeedGrade CC 2014/Adobe SpeedGrade CC 2014.app/Contents/Plug-ins/Common/ImporterMP3.bundle
Loading from disk...
This plugin was recognized by loader ba1058cd-0007-44e4-bf1a-0ef51307b979.

Loading /Applications/Adobe SpeedGrade CC 2014/Adobe SpeedGrade CC 2014.app/Contents/Plug-ins/Common/ImporterMPEG.bundle
Loading from disk...
This plugin was recognized by loader ba1058cd-0007-44e4-bf1a-0ef51307b979.

Loading /Applications/Adobe SpeedGrade CC 2014/Adobe SpeedGrade CC 2014.app/Contents/Plug-ins/Common/ImporterMXF.bundle
Loading from disk...
This plugin was recognized by loader ba1058cd-0007-44e4-bf1a-0ef51307b979.

Loading /Applications/Adobe SpeedGrade CC 2014/Adobe SpeedGrade CC 2014.app/Contents/Plug-ins/Common/ImporterPhotoshopProxy.bundle
Loading from disk...
This plugin was recognized by loader ba1058cd-0007-44e4-bf1a-0ef51307b979.

Loading /Applications/Adobe SpeedGrade CC 2014/Adobe SpeedGrade CC 2014.app/Contents/Plug-ins/Common/ImporterPNG.bundle
Loading from disk...
This plugin was recognized by loader ba1058cd-0007-44e4-bf1a-0ef51307b979.

Loading /Applications/Adobe SpeedGrade CC 2014/Adobe SpeedGrade CC 2014.app/Contents/Plug-ins/Common/ImporterQuickTime.bundle
Loading from disk...
This plugin was recognized by loader ba1058cd-0007-44e4-bf1a-0ef51307b979.

Loading /Applications/Adobe SpeedGrade CC 2014/Adobe SpeedGrade CC 2014.app/Contents/Plug-ins/Common/ImporterRED.bundle
Loading from disk...
This plugin was recognized by loader ba1058cd-0007-44e4-bf1a-0ef51307b979.

Loading /Applications/Adobe SpeedGrade CC 2014/Adobe SpeedGrade CC 2014.app/Contents/Plug-ins/Common/ImporterTarga.bundle
Loading from disk...
This plugin was recognized by loader ba1058cd-0007-44e4-bf1a-0ef51307b979.

Loading /Applications/Adobe SpeedGrade CC 2014/Adobe SpeedGrade CC 2014.app/Contents/Plug-ins/Common/ImporterTiff.bundle
Loading from disk...
This plugin was recognized by loader ba1058cd-0007-44e4-bf1a-0ef51307b979.

Loading /Applications/Adobe SpeedGrade CC 2014/Adobe SpeedGrade CC 2014.app/Contents/Plug-ins/Common/ImporterTransparentMatte.bundle
Loading from disk...
This plugin was recognized by loader ba1058cd-0007-44e4-bf1a-0ef51307b979.

Loading /Applications/Adobe SpeedGrade CC 2014/Adobe SpeedGrade CC 2014.app/Contents/Plug-ins/Common/ImporterWave.bundle
Loading from disk...
This plugin was recognized by loader ba1058cd-0007-44e4-bf1a-0ef51307b979.

Loading /Applications/Adobe SpeedGrade CC 2014/Adobe SpeedGrade CC 2014.app/Contents/Plug-ins/Common/ImporterXDCAMEX.bundle
Loading from disk...
This plugin was recognized by loader ba1058cd-0007-44e4-bf1a-0ef51307b979.

Loading /Applications/Adobe SpeedGrade CC 2014/Adobe SpeedGrade CC 2014.app/Contents/Plug-ins/Common/Invert.bundle
Loading from disk...
This plugin was recognized by loader 9ee18075-33c9-482a-b1a3-f2ab007a5a07.

Loading /Applications/Adobe SpeedGrade CC 2014/Adobe SpeedGrade CC 2014.app/Contents/Plug-ins/Common/Leave_Color.bundle
Loading from disk...
This plugin was recognized by loader 9ee18075-33c9-482a-b1a3-f2ab007a5a07.

Loading /Applications/Adobe SpeedGrade CC 2014/Adobe SpeedGrade CC 2014.app/Contents/Plug-ins/Common/Lens_Flare.bundle
Loading from disk...
This plugin was recognized by loader 9ee18075-33c9-482a-b1a3-f2ab007a5a07.

Loading /Applications/Adobe SpeedGrade CC 2014/Adobe SpeedGrade CC 2014.app/Contents/Plug-ins/Common/Lightning.bundle
Loading from disk...
This plugin was recognized by loader 9ee18075-33c9-482a-b1a3-f2ab007a5a07.

Loading /Applications/Adobe SpeedGrade CC 2014/Adobe SpeedGrade CC 2014.app/Contents/Plug-ins/Common/Linear_Wipe.bundle
Loading from disk...
This plugin was recognized by loader 9ee18075-33c9-482a-b1a3-f2ab007a5a07.

Loading /Applications/Adobe SpeedGrade CC 2014/Adobe SpeedGrade CC 2014.app/Contents/Plug-ins/Common/Magnify.bundle
Loading from disk...
This plugin was recognized by loader 9ee18075-33c9-482a-b1a3-f2ab007a5a07.

Loading /Applications/Adobe SpeedGrade CC 2014/Adobe SpeedGrade CC 2014.app/Contents/Plug-ins/Common/Median.bundle
Loading from disk...
This plugin was recognized by loader 9ee18075-33c9-482a-b1a3-f2ab007a5a07.

Loading /Applications/Adobe SpeedGrade CC 2014/Adobe SpeedGrade CC 2014.app/Contents/Plug-ins/Common/Mirror.bundle
Loading from disk...
This plugin was recognized by loader 9ee18075-33c9-482a-b1a3-f2ab007a5a07.

Loading /Applications/Adobe SpeedGrade CC 2014/Adobe SpeedGrade CC 2014.app/Contents/Plug-ins/Common/Mosaic.bundle
Loading from disk...
This plugin was recognized by loader 9ee18075-33c9-482a-b1a3-f2ab007a5a07.

Loading /Applications/Adobe SpeedGrade CC 2014/Adobe SpeedGrade CC 2014.app/Contents/Plug-ins/Common/Motion.bundle
Loading from disk...
This plugin was recognized by loader 9ee18075-33c9-482a-b1a3-f2ab007a5a07.

Loading /Applications/Adobe SpeedGrade CC 2014/Adobe SpeedGrade CC 2014.app/Contents/Plug-ins/Common/Noise.bundle
Loading from disk...
This plugin was recognized by loader 9ee18075-33c9-482a-b1a3-f2ab007a5a07.

Loading /Applications/Adobe SpeedGrade CC 2014/Adobe SpeedGrade CC 2014.app/Contents/Plug-ins/Common/NoiseAlpha.bundle
Loading from disk...
This plugin was recognized by loader 9ee18075-33c9-482a-b1a3-f2ab007a5a07.

Loading /Applications/Adobe SpeedGrade CC 2014/Adobe SpeedGrade CC 2014.app/Contents/Plug-ins/Common/NoiseHLS.bundle
Loading from disk...
This plugin was recognized by loader 9ee18075-33c9-482a-b1a3-f2ab007a5a07.

Loading /Applications/Adobe SpeedGrade CC 2014/Adobe SpeedGrade CC 2014.app/Contents/Plug-ins/Common/NoiseHLSAuto.bundle
Loading from disk...
This plugin was recognized by loader 9ee18075-33c9-482a-b1a3-f2ab007a5a07.

Loading /Applications/Adobe SpeedGrade CC 2014/Adobe SpeedGrade CC 2014.app/Contents/Plug-ins/Common/Offset.bundle
Loading from disk...
This plugin was recognized by loader 9ee18075-33c9-482a-b1a3-f2ab007a5a07.

Loading /Applications/Adobe SpeedGrade CC 2014/Adobe SpeedGrade CC 2014.app/Contents/Plug-ins/Common/Opacity.bundle
Loading from disk...
This plugin was recognized by loader 9ee18075-33c9-482a-b1a3-f2ab007a5a07.

Loading /Applications/Adobe SpeedGrade CC 2014/Adobe SpeedGrade CC 2014.app/Contents/Plug-ins/Common/PaintBucket.bundle
Loading from disk...
This plugin was recognized by loader 9ee18075-33c9-482a-b1a3-f2ab007a5a07.

Loading /Applications/Adobe SpeedGrade CC 2014/Adobe SpeedGrade CC 2014.app/Contents/Plug-ins/Common/PlayerMediaCore.bundle
Loading from disk...
This plugin was recognized by loader c9936cb9-1979-48c8-bf22-dbe0ec323274.
This plugin was recognized by loader 1b5bc335-92e5-4479-bd38-d18bedec69b2.

Loading /Applications/Adobe SpeedGrade CC 2014/Adobe SpeedGrade CC 2014.app/Contents/Plug-ins/Common/Posterize.bundle
Loading from disk...
This plugin was recognized by loader 9ee18075-33c9-482a-b1a3-f2ab007a5a07.

Loading /Applications/Adobe SpeedGrade CC 2014/Adobe SpeedGrade CC 2014.app/Contents/Plug-ins/Common/Posterize_Time.bundle
Loading from disk...
This plugin was recognized by loader 9ee18075-33c9-482a-b1a3-f2ab007a5a07.

Loading /Applications/Adobe SpeedGrade CC 2014/Adobe SpeedGrade CC 2014.app/Contents/Plug-ins/Common/PremiereFiltersMetaPlugin.prmp

Loading /Applications/Adobe SpeedGrade CC 2014/Adobe SpeedGrade CC 2014.app/Contents/Plug-ins/Common/Radial_Wipe.bundle
Loading from disk...
This plugin was recognized by loader 9ee18075-33c9-482a-b1a3-f2ab007a5a07.

Loading /Applications/Adobe SpeedGrade CC 2014/Adobe SpeedGrade CC 2014.app/Contents/Plug-ins/Common/RadialShadow.bundle
Loading from disk...
This plugin was recognized by loader 9ee18075-33c9-482a-b1a3-f2ab007a5a07.

Loading /Applications/Adobe SpeedGrade CC 2014/Adobe SpeedGrade CC 2014.app/Contents/Plug-ins/Common/Ramp.bundle
Loading from disk...
This plugin was recognized by loader 9ee18075-33c9-482a-b1a3-f2ab007a5a07.

Loading /Applications/Adobe SpeedGrade CC 2014/Adobe SpeedGrade CC 2014.app/Contents/Plug-ins/Common/RollingShutter.bundle
Loading from disk...
This plugin was recognized by loader 9ee18075-33c9-482a-b1a3-f2ab007a5a07.

Loading /Applications/Adobe SpeedGrade CC 2014/Adobe SpeedGrade CC 2014.app/Contents/Plug-ins/Common/RoughenEdges.bundle
Loading from disk...
This plugin was recognized by loader 9ee18075-33c9-482a-b1a3-f2ab007a5a07.

Loading /Applications/Adobe SpeedGrade CC 2014/Adobe SpeedGrade CC 2014.app/Contents/Plug-ins/Common/Set_Matte.bundle
Loading from disk...
This plugin was recognized by loader 9ee18075-33c9-482a-b1a3-f2ab007a5a07.

Loading /Applications/Adobe SpeedGrade CC 2014/Adobe SpeedGrade CC 2014.app/Contents/Plug-ins/Common/Sharpen.bundle
Loading from disk...
This plugin was recognized by loader 9ee18075-33c9-482a-b1a3-f2ab007a5a07.

Loading /Applications/Adobe SpeedGrade CC 2014/Adobe SpeedGrade CC 2014.app/Contents/Plug-ins/Common/SolidComposite.bundle
Loading from disk...
This plugin was recognized by loader 9ee18075-33c9-482a-b1a3-f2ab007a5a07.

Loading /Applications/Adobe SpeedGrade CC 2014/Adobe SpeedGrade CC 2014.app/Contents/Plug-ins/Common/Spherize.bundle
Loading from disk...
This plugin was recognized by loader 9ee18075-33c9-482a-b1a3-f2ab007a5a07.

Loading /Applications/Adobe SpeedGrade CC 2014/Adobe SpeedGrade CC 2014.app/Contents/Plug-ins/Common/Stabilizer.bundle
Loading from disk...
This plugin was recognized by loader 9ee18075-33c9-482a-b1a3-f2ab007a5a07.

Loading /Applications/Adobe SpeedGrade CC 2014/Adobe SpeedGrade CC 2014.app/Contents/Plug-ins/Common/Strobe_Light.bundle
Loading from disk...
This plugin was recognized by loader 9ee18075-33c9-482a-b1a3-f2ab007a5a07.

Loading /Applications/Adobe SpeedGrade CC 2014/Adobe SpeedGrade CC 2014.app/Contents/Plug-ins/Common/Texturize.bundle
Loading from disk...
This plugin was recognized by loader 9ee18075-33c9-482a-b1a3-f2ab007a5a07.

Loading /Applications/Adobe SpeedGrade CC 2014/Adobe SpeedGrade CC 2014.app/Contents/Plug-ins/Common/Threshold.bundle
Loading from disk...
This plugin was recognized by loader 9ee18075-33c9-482a-b1a3-f2ab007a5a07.

Loading /Applications/Adobe SpeedGrade CC 2014/Adobe SpeedGrade CC 2014.app/Contents/Plug-ins/Common/Tint.bundle
Loading from disk...
This plugin was recognized by loader 9ee18075-33c9-482a-b1a3-f2ab007a5a07.

Loading /Applications/Adobe SpeedGrade CC 2014/Adobe SpeedGrade CC 2014.app/Contents/Plug-ins/Common/Transform.bundle
Loading from disk...
This plugin was recognized by loader 9ee18075-33c9-482a-b1a3-f2ab007a5a07.

Loading /Applications/Adobe SpeedGrade CC 2014/Adobe SpeedGrade CC 2014.app/Contents/Plug-ins/Common/TransitionsMetaPlugin.prmp

Loading /Applications/Adobe SpeedGrade CC 2014/Adobe SpeedGrade CC 2014.app/Contents/Plug-ins/Common/TurbulentDisplace.bundle
Loading from disk...
This plugin was recognized by loader 9ee18075-33c9-482a-b1a3-f2ab007a5a07.

Loading /Applications/Adobe SpeedGrade CC 2014/Adobe SpeedGrade CC 2014.app/Contents/Plug-ins/Common/Twirl.bundle
Loading from disk...
This plugin was recognized by loader 9ee18075-33c9-482a-b1a3-f2ab007a5a07.

Loading /Applications/Adobe SpeedGrade CC 2014/Adobe SpeedGrade CC 2014.app/Contents/Plug-ins/Common/Unsharp_Mask.bundle
Loading from disk...
This plugin was recognized by loader 9ee18075-33c9-482a-b1a3-f2ab007a5a07.

Loading /Applications/Adobe SpeedGrade CC 2014/Adobe SpeedGrade CC 2014.app/Contents/Plug-ins/Common/Venetian_Blinds.bundle
Loading from disk...
This plugin was recognized by loader 9ee18075-33c9-482a-b1a3-f2ab007a5a07.

Loading /Applications/Adobe SpeedGrade CC 2014/Adobe SpeedGrade CC 2014.app/Contents/Plug-ins/Common/Wave_Warp.bundle
Loading from disk...
This plugin was recognized by loader 9ee18075-33c9-482a-b1a3-f2ab007a5a07.

Loading /Applications/Adobe SpeedGrade CC 2014/Adobe SpeedGrade CC 2014.app/Contents/Plug-ins/Common/Write_on.bundle
Loading from disk...
This plugin was recognized by loader 9ee18075-33c9-482a-b1a3-f2ab007a5a07.

Loading from root path: /Library/Application Support/Adobe/Common/Plug-ins/7.0/MediaCore
Clearing the plugin cache from the registry

Scanning for the following file types: *.bundle, *.plugin, *.prmp, *.vst

Scanning /Library/Application Support/Adobe/Common/Plug-ins/7.0/MediaCore and sub-directories

